18:58:07.72 : Begin installation 
18:58:07.73 : Using module.cfg 
18:58:12.90 : Maya version : 2016.5 2017 2018 2019 2020 2022 2023 
18:58:12.91 : Module version : any 
18:58:12.91 : Module icons : icons 
18:58:12.92 : Module plug-ins : plug-ins/PLATFORM/VERSION 
18:58:12.92 : Module scripts : scripts 
18:58:12.93 : MAYA_APP_DIR :  
18:58:12.94 : Module path : C:\Users\$USER\Documents\maya\modules 
18:58:12.95 : Source folder content : Faith 
18:58:12.96 : Module Name : Faith 
18:58:12.96 : Module base path : E:\bd\Code\Faith_Proj\Faith\moduleInstaller\Faith\modules\Faith 
18:58:12.97 : Module has plug-in : 1 
18:58:15.90 : Install option : 1 
18:58:15.91 : Searching default path : C:\Program_Files\Autodesk\Maya2016.5\modules 
18:58:15.92 : Searching default path : C:\Users\46314\Documents\maya\2016.5\modules 
18:58:15.92 : Searching default path : C:\Users\46314\Documents\maya\modules 
18:58:15.93 : Found existing module file : C:\Users\46314\Documents\maya\modules\Faith.mod 
18:58:15.94 : First line in module : + MAYAVERSION:2016.5 Faith any C:\Users\46314\Documents\maya\modules\Faith  
18:58:15.95 : Required line items : 5 
18:58:15.95 : Existing module content : C:\Users\46314\Documents\maya\modules\Faith 
18:58:15.96 : Marked for deletion : C:\Users\46314\Documents\maya\modules\Faith.mod 
18:58:15.96 : Marked for deletion : C:\Users\46314\Documents\maya\modules\Faith 
18:58:15.97 : Searching default path : C:\Program_Files\Common_Files\Alias_Shared\Modules\maya\2016.5 
18:58:15.97 : Searching default path : C:\Program_Files\Common_Files\Alias_Shared\Modules\maya 
18:58:15.98 : Searching default path : C:\Program_Files\Common_Files\Autodesk_Shared\Modules\maya\2016.5 
18:58:15.98 : Searching default path : C:\Program_Files\Autodesk\Maya2017\modules 
18:58:15.99 : Searching default path : C:\Users\46314\Documents\maya\2017\modules 
18:58:16.00 : Searching default path : C:\Users\46314\Documents\maya\modules 
18:58:16.00 : Searching default path : C:\Program_Files\Common_Files\Alias_Shared\Modules\maya\2017 
18:58:16.01 : Searching default path : C:\Program_Files\Common_Files\Alias_Shared\Modules\maya 
18:58:16.01 : Searching default path : C:\Program_Files\Common_Files\Autodesk_Shared\Modules\maya\2017 
18:58:16.02 : Searching default path : C:\Program_Files\Autodesk\Maya2018\modules 
18:58:16.02 : Searching default path : C:\Users\46314\Documents\maya\2018\modules 
18:58:16.03 : Searching default path : C:\Users\46314\Documents\maya\modules 
18:58:16.04 : Searching default path : C:\Program_Files\Common_Files\Alias_Shared\Modules\maya\2018 
18:58:16.04 : Searching default path : C:\Program_Files\Common_Files\Alias_Shared\Modules\maya 
18:58:16.05 : Searching default path : C:\Program_Files\Common_Files\Autodesk_Shared\Modules\maya\2018 
18:58:16.05 : Searching default path : C:\Program_Files\Autodesk\Maya2019\modules 
18:58:16.06 : Searching default path : C:\Users\46314\Documents\maya\2019\modules 
18:58:16.06 : Searching default path : C:\Users\46314\Documents\maya\modules 
18:58:16.07 : Searching default path : C:\Program_Files\Common_Files\Alias_Shared\Modules\maya\2019 
18:58:16.08 : Searching default path : C:\Program_Files\Common_Files\Alias_Shared\Modules\maya 
18:58:16.08 : Searching default path : C:\Program_Files\Common_Files\Autodesk_Shared\Modules\maya\2019 
18:58:16.09 : Searching default path : C:\Program_Files\Autodesk\Maya2020\modules 
18:58:16.09 : Searching default path : C:\Users\46314\Documents\maya\2020\modules 
18:58:16.10 : Searching default path : C:\Users\46314\Documents\maya\modules 
18:58:16.10 : Searching default path : C:\Program_Files\Common_Files\Alias_Shared\Modules\maya\2020 
18:58:16.11 : Searching default path : C:\Program_Files\Common_Files\Alias_Shared\Modules\maya 
18:58:16.12 : Searching default path : C:\Program_Files\Common_Files\Autodesk_Shared\Modules\maya\2020 
18:58:16.12 : Searching default path : C:\Program_Files\Autodesk\Maya2022\modules 
18:58:16.13 : Searching default path : C:\Users\46314\Documents\maya\2022\modules 
18:58:16.13 : Searching default path : C:\Users\46314\Documents\maya\modules 
18:58:16.14 : Searching default path : C:\Program_Files\Common_Files\Alias_Shared\Modules\maya\2022 
18:58:16.14 : Searching default path : C:\Program_Files\Common_Files\Alias_Shared\Modules\maya 
18:58:16.15 : Searching default path : C:\Program_Files\Common_Files\Autodesk_Shared\Modules\maya\2022 
18:58:16.16 : Searching default path : C:\Program_Files\Autodesk\Maya2023\modules 
18:58:16.16 : Searching default path : C:\Users\46314\Documents\maya\2023\modules 
18:58:16.17 : Searching default path : C:\Users\46314\Documents\maya\modules 
18:58:16.17 : Searching default path : C:\Program_Files\Common_Files\Alias_Shared\Modules\maya\2023 
18:58:16.18 : Searching default path : C:\Program_Files\Common_Files\Alias_Shared\Modules\maya 
18:58:16.19 : Searching default path : C:\Program_Files\Common_Files\Autodesk_Shared\Modules\maya\2023 
18:58:17.39 : Deleted previous module : C:\Users\46314\Documents\maya\modules\Faith.mod 
18:58:17.39 : Deleted previous module content : C:\Users\46314\Documents\maya\modules\Faith 
18:58:17.40 : Using existing module path : C:\Users\46314\Documents\maya\modules 
18:58:17.40 : Begin writing module file : C:\Users\46314\Documents\maya\modules\Faith.mod 
18:58:17.42 : Finished writing module file : C:\Users\46314\Documents\maya\modules\Faith.mod 
18:58:18.98 : Installed module to : C:\Users\46314\Documents\maya\modules\Faith\ 
18:58:19.00 : Installation complete 
